<!--
  #%L
  Conduit Worker
  %%
  Copyright (C) 2012 - 2014 InMobi
  %%
  Licensed under the Apache License, Version 2.0 (the "License");
  you may not use this file except in compliance with the License.
  You may obtain a copy of the License at
  
       http://www.apache.org/licenses/LICENSE-2.0
  
  Unless required by applicable law or agreed to in writing, software
  distributed under the License is distributed on an "AS IS" BASIS,
  WITHOUT WARRANTIES OR CONDITIONS OF ANY KIND, either express or implied.
  See the License for the specific language governing permissions and
  limitations under the License.
  #L%
  -->
<conduit>
  <defaults>
    <rootdir>/mergeservice</rootdir>
    <retentioninhours>24</retentioninhours>
    <trashretentioninhours>48</trashretentioninhours>
  </defaults>

  <!-- A stream can have only one primary and multiple mirrors as destinations
    -->
  <streams>
    <stream name="test1">
      <sources>
        <source>
          <name>testcluster1</name>
          <retentioninhours>24</retentioninhours>
        </source>
        <source>
          <name>testcluster2</name>
          <retentioninhours>24</retentioninhours>
        </source>
      </sources>
      <destinations>
        <destination>
	  <primary>true</primary>
          <name>testcluster1</name>
          <retentioninhours>24</retentioninhours>
        </destination>
        <destination>
          <name>testcluster2</name>
          <retentioninhours>24</retentioninhours>
        </destination>
      </destinations>
    </stream>
  </streams>

  <clusters>
    <cluster name="testcluster1" hdfsurl="file:///tmp/mergeservicetest/testcluster1"
             jturl="local"
             jobqueuename="default"
             >
    </cluster>
    <cluster name="testcluster2" hdfsurl="file:////tmp/mergeservicetest/testcluster2"
             jturl="local"
             jobqueuename="default"
             >
    </cluster>
  </clusters>
</conduit>
